<?xml version="1.0" encoding="UTF-8"?>
<testng-results skipped="0" failed="0" total="1" passed="1">
  <reporter-output>
  </reporter-output>
  <suite name="Suite" duration-ms="36009" started-at="2018-05-31T09:22:21Z" finished-at="2018-05-31T09:22:57Z">
    <groups>
    </groups>
    <test name="Test" duration-ms="36009" started-at="2018-05-31T09:22:21Z" finished-at="2018-05-31T09:22:57Z">
      <class name="com.hum.TestHum">
        <test-method status="PASS" signature="SplashScreen()[pri:0, instance:com.hum.TestHum@1e67b872]" name="SplashScreen" is-config="true" duration-ms="18826" started-at="2018-05-31T14:52:21Z" finished-at="2018-05-31T14:52:40Z">
          <reporter-output>
          </reporter-output>
        </test-method> <!-- SplashScreen -->
        <test-method status="PASS" signature="Login()[pri:0, instance:com.hum.TestHum@1e67b872]" name="Login" duration-ms="10865" started-at="2018-05-31T14:52:40Z" finished-at="2018-05-31T14:52:50Z">
          <reporter-output>
          </reporter-output>
        </test-method> <!-- Login -->
        <test-method status="PASS" signature="end()[pri:0, instance:com.hum.TestHum@1e67b872]" name="end" is-config="true" duration-ms="6303" started-at="2018-05-31T14:52:50Z" finished-at="2018-05-31T14:52:57Z">
          <reporter-output>
          </reporter-output>
        </test-method> <!-- end -->
      </class> <!-- com.hum.TestHum -->
    </test> <!-- Test -->
  </suite> <!-- Suite -->
</testng-results>
